Reading package lists...
Building dependency tree...
Reading state information...
curl is already the newest version (7.68.0-1ubuntu2.25).
0 upgraded, 0 newly installed, 0 to remove and 16 not upgraded.
Reading package lists...
Building dependency tree...
Reading state information...
python3-wstool is already the newest version (0.1.18-2).
0 upgraded, 0 newly installed, 0 to remove and 16 not upgraded.
Reading package lists...
Building dependency tree...
Reading state information...
ros-foxy-moveit is already the newest version (2.2.3-1focal.20230606.061106).
0 upgraded, 0 newly installed, 0 to remove and 16 not upgraded.
Reading package lists...
Building dependency tree...
Reading state information...
ros-foxy-moveit-chomp-optimizer-adapter is already the newest version (2.2.3-1focal.20230606.042556).
ros-foxy-moveit-chomp-optimizer-adapter-dbgsym is already the newest version (2.2.3-1focal.20230606.042556).
ros-foxy-moveit-common is already the newest version (2.2.3-1focal.20230527.035305).
ros-foxy-moveit-core is already the newest version (2.2.3-1focal.20230606.035756).
ros-foxy-moveit-core-dbgsym is already the newest version (2.2.3-1focal.20230606.035756).
ros-foxy-moveit-kinematics is already the newest version (2.2.3-1focal.20230606.045002).
ros-foxy-moveit-kinematics-dbgsym is already the newest version (2.2.3-1focal.20230606.045002).
ros-foxy-moveit-msgs is already the newest version (2.1.0-1focal.20230527.052649).
ros-foxy-moveit-msgs-dbgsym is already the newest version (2.1.0-1focal.20230527.052649).
ros-foxy-moveit-planners is already the newest version (2.2.3-1focal.20230606.050401).
ros-foxy-moveit-planners-chomp is already the newest version (2.2.3-1focal.20230606.042555).
ros-foxy-moveit-planners-chomp-dbgsym is already the newest version (2.2.3-1focal.20230606.042555).
ros-foxy-moveit-planners-ompl is already the newest version (2.2.3-1focal.20230606.045405).
ros-foxy-moveit-planners-ompl-dbgsym is already the newest version (2.2.3-1focal.20230606.045405).
ros-foxy-moveit-plugins is already the newest version (2.2.3-1focal.20230606.042527).
ros-foxy-moveit-resources is already the newest version (2.0.3-1focal.20230606.035813).
ros-foxy-moveit-resources-fanuc-description is already the newest version (2.0.3-1focal.20230527.034057).
ros-foxy-moveit-resources-fanuc-moveit-config is already the newest version (2.0.3-1focal.20230606.035302).
ros-foxy-moveit-resources-panda-description is already the newest version (2.0.3-1focal.20230527.034308).
ros-foxy-moveit-resources-panda-moveit-config is already the newest version (2.0.3-1focal.20230606.035722).
ros-foxy-moveit-resources-pr2-description is already the newest version (2.0.3-1focal.20230527.034344).
ros-foxy-moveit-ros is already the newest version (2.2.3-1focal.20230606.061029).
ros-foxy-moveit-ros-benchmarks is already the newest version (2.2.3-1focal.20230606.045335).
ros-foxy-moveit-ros-benchmarks-dbgsym is already the newest version (2.2.3-1focal.20230606.045335).
ros-foxy-moveit-ros-move-group is already the newest version (2.2.3-1focal.20230606.045303).
ros-foxy-moveit-ros-move-group-dbgsym is already the newest version (2.2.3-1focal.20230606.045303).
ros-foxy-moveit-ros-occupancy-map-monitor is already the newest version (2.2.3-1focal.20230606.042537).
ros-foxy-moveit-ros-occupancy-map-monitor-dbgsym is already the newest version (2.2.3-1focal.20230606.042537).
ros-foxy-moveit-ros-perception is already the newest version (2.2.3-1focal.20230606.044829).
ros-foxy-moveit-ros-perception-dbgsym is already the newest version (2.2.3-1focal.20230606.044829).
ros-foxy-moveit-ros-planning is already the newest version (2.2.3-1focal.20230606.042658).
ros-foxy-moveit-ros-planning-dbgsym is already the newest version (2.2.3-1focal.20230606.042658).
ros-foxy-moveit-ros-planning-interface is already the newest version (2.2.3-1focal.20230606.053524).
ros-foxy-moveit-ros-planning-interface-dbgsym is already the newest version (2.2.3-1focal.20230606.053524).
ros-foxy-moveit-ros-robot-interaction is already the newest version (2.2.3-1focal.20230606.044619).
ros-foxy-moveit-ros-robot-interaction-dbgsym is already the newest version (2.2.3-1focal.20230606.044619).
ros-foxy-moveit-ros-visualization is already the newest version (2.2.3-1focal.20230606.055545).
ros-foxy-moveit-ros-visualization-dbgsym is already the newest version (2.2.3-1focal.20230606.055545).
ros-foxy-moveit-ros-warehouse is already the newest version (2.2.3-1focal.20230606.044823).
ros-foxy-moveit-ros-warehouse-dbgsym is already the newest version (2.2.3-1focal.20230606.044823).
ros-foxy-moveit-runtime is already the newest version (2.2.3-1focal.20230606.054317).
ros-foxy-moveit-servo is already the newest version (2.2.3-1focal.20230606.054950).
ros-foxy-moveit-servo-dbgsym is already the newest version (2.2.3-1focal.20230606.054950).
ros-foxy-moveit-simple-controller-manager is already the newest version (2.2.3-1focal.20230606.042207).
ros-foxy-moveit-simple-controller-manager-dbgsym is already the newest version (2.2.3-1focal.20230606.042207).
0 upgraded, 0 newly installed, 0 to remove and 16 not upgraded.
Reading package lists...
Building dependency tree...
Reading state information...
ros-foxy-controller-interface is already the newest version (0.11.0-1focal.20230527.054329).
ros-foxy-controller-manager is already the newest version (0.11.0-1focal.20230527.054630).
ros-foxy-controller-manager-msgs is already the newest version (0.11.0-1focal.20230527.044114).
0 upgraded, 0 newly installed, 0 to remove and 16 not upgraded.
[H[2J[3J[0m           [0m
[0m           [0m
[0m           [0m
[0m           [0m
[0m           [0m
[1;32m          Moveit installation completed! [0m
[0m           [0m
[0m           [0m
[0m           [0m
